...found 11 targets...
...updating 10 targets...
gcc.compile.c++ bin.v2/libs/config/checks/architecture/gcc-11/debug/threading-multi/visibility-hidden/32.o
libs/config/checks/architecture/32.cpp:9:36: error: narrowing conversion of ‘-1’ from ‘int’ to ‘long unsigned int’ [-Wnarrowing]
    9 | int test[sizeof(void*) == 4? 1 : -1];
      |                                    ^
libs/config/checks/architecture/32.cpp:9:28: error: size ‘-1’ of array ‘test’ is negative
    9 | int test[sizeof(void*) == 4? 1 : -1];
      |          ~~~~~~~~~~~~~~~~~~^~~~~~~~

    "g++"   -fvisibility-inlines-hidden -fPIC -pthread -O0 -fno-inline -Wall -g -fvisibility=hidden  -DBOOST_ALL_NO_LIB=1 -DBOOST_COBALT_USE_STD_PMR=1   -I"."  -c -o "bin.v2/libs/config/checks/architecture/gcc-11/debug/threading-multi/visibility-hidden/32.o" "libs/config/checks/architecture/32.cpp"

...failed gcc.compile.c++ bin.v2/libs/config/checks/architecture/gcc-11/debug/threading-multi/visibility-hidden/32.o...

...updated 9 targets...

...failed updating 1 target...
   gcc.compile.c++ bin.v2/libs/config/checks/architecture/gcc-11/debug/threading-multi/visibility-hidden/32.o
...found 2 targets...
...updating 1 target...
gcc.compile.c++ bin.v2/libs/config/checks/architecture/gcc-11/debug/threading-multi/visibility-hidden/64.o

...updated 1 target...
...found 2 targets...
...updating 1 target...
gcc.compile.c++ bin.v2/libs/config/checks/architecture/gcc-11/debug/threading-multi/visibility-hidden/arm.o
libs/config/checks/architecture/arm.cpp:13:2: error: #error "Not ARM"
   13 | #error "Not ARM"
      |  ^~~~~

    "g++"   -fvisibility-inlines-hidden -fPIC -pthread -O0 -fno-inline -Wall -g -fvisibility=hidden  -DBOOST_ALL_NO_LIB=1 -DBOOST_COBALT_USE_STD_PMR=1   -I"."  -c -o "bin.v2/libs/config/checks/architecture/gcc-11/debug/threading-multi/visibility-hidden/arm.o" "libs/config/checks/architecture/arm.cpp"

...failed gcc.compile.c++ bin.v2/libs/config/checks/architecture/gcc-11/debug/threading-multi/visibility-hidden/arm.o...

...failed updating 1 target...
   gcc.compile.c++ bin.v2/libs/config/checks/architecture/gcc-11/debug/threading-multi/visibility-hidden/arm.o
...found 2 targets...
...updating 1 target...
gcc.compile.c++ bin.v2/libs/config/checks/architecture/gcc-11/debug/threading-multi/visibility-hidden/loongarch.o
libs/config/checks/architecture/loongarch.cpp:10:2: error: #error "Not LoongArch"
   10 | #error "Not LoongArch"
      |  ^~~~~

    "g++"   -fvisibility-inlines-hidden -fPIC -pthread -O0 -fno-inline -Wall -g -fvisibility=hidden  -DBOOST_ALL_NO_LIB=1 -DBOOST_COBALT_USE_STD_PMR=1   -I"."  -c -o "bin.v2/libs/config/checks/architecture/gcc-11/debug/threading-multi/visibility-hidden/loongarch.o" "libs/config/checks/architecture/loongarch.cpp"

...failed gcc.compile.c++ bin.v2/libs/config/checks/architecture/gcc-11/debug/threading-multi/visibility-hidden/loongarch.o...

...failed updating 1 target...
   gcc.compile.c++ bin.v2/libs/config/checks/architecture/gcc-11/debug/threading-multi/visibility-hidden/loongarch.o
...found 2 targets...
...updating 1 target...
gcc.compile.c++ bin.v2/libs/config/checks/architecture/gcc-11/debug/threading-multi/visibility-hidden/mips.o
libs/config/checks/architecture/mips.cpp:10:2: error: #error "Not MIPS"
   10 | #error "Not MIPS"
      |  ^~~~~

    "g++"   -fvisibility-inlines-hidden -fPIC -pthread -O0 -fno-inline -Wall -g -fvisibility=hidden  -DBOOST_ALL_NO_LIB=1 -DBOOST_COBALT_USE_STD_PMR=1   -I"."  -c -o "bin.v2/libs/config/checks/architecture/gcc-11/debug/threading-multi/visibility-hidden/mips.o" "libs/config/checks/architecture/mips.cpp"

...failed gcc.compile.c++ bin.v2/libs/config/checks/architecture/gcc-11/debug/threading-multi/visibility-hidden/mips.o...

...failed updating 1 target...
   gcc.compile.c++ bin.v2/libs/config/checks/architecture/gcc-11/debug/threading-multi/visibility-hidden/mips.o
...found 2 targets...
...updating 1 target...
gcc.compile.c++ bin.v2/libs/config/checks/architecture/gcc-11/debug/threading-multi/visibility-hidden/power.o
libs/config/checks/architecture/power.cpp:13:2: error: #error "Not PPC"
   13 | #error "Not PPC"
      |  ^~~~~

    "g++"   -fvisibility-inlines-hidden -fPIC -pthread -O0 -fno-inline -Wall -g -fvisibility=hidden  -DBOOST_ALL_NO_LIB=1 -DBOOST_COBALT_USE_STD_PMR=1   -I"."  -c -o "bin.v2/libs/config/checks/architecture/gcc-11/debug/threading-multi/visibility-hidden/power.o" "libs/config/checks/architecture/power.cpp"

...failed gcc.compile.c++ bin.v2/libs/config/checks/architecture/gcc-11/debug/threading-multi/visibility-hidden/power.o...

...failed updating 1 target...
   gcc.compile.c++ bin.v2/libs/config/checks/architecture/gcc-11/debug/threading-multi/visibility-hidden/power.o
...found 2 targets...
...updating 1 target...
gcc.compile.c++ bin.v2/libs/config/checks/architecture/gcc-11/debug/threading-multi/visibility-hidden/riscv.o
libs/config/checks/architecture/riscv.cpp:9:2: error: #error "Not RISC-V"
    9 | #error "Not RISC-V"
      |  ^~~~~

    "g++"   -fvisibility-inlines-hidden -fPIC -pthread -O0 -fno-inline -Wall -g -fvisibility=hidden  -DBOOST_ALL_NO_LIB=1 -DBOOST_COBALT_USE_STD_PMR=1   -I"."  -c -o "bin.v2/libs/config/checks/architecture/gcc-11/debug/threading-multi/visibility-hidden/riscv.o" "libs/config/checks/architecture/riscv.cpp"

...failed gcc.compile.c++ bin.v2/libs/config/checks/architecture/gcc-11/debug/threading-multi/visibility-hidden/riscv.o...

...failed updating 1 target...
   gcc.compile.c++ bin.v2/libs/config/checks/architecture/gcc-11/debug/threading-multi/visibility-hidden/riscv.o
...found 2 targets...
...updating 1 target...
gcc.compile.c++ bin.v2/libs/config/checks/architecture/gcc-11/debug/threading-multi/visibility-hidden/s390x.o
libs/config/checks/architecture/s390x.cpp:10:2: error: #error "Not S390x"
   10 | #error "Not S390x"
      |  ^~~~~

    "g++"   -fvisibility-inlines-hidden -fPIC -pthread -O0 -fno-inline -Wall -g -fvisibility=hidden  -DBOOST_ALL_NO_LIB=1 -DBOOST_COBALT_USE_STD_PMR=1   -I"."  -c -o "bin.v2/libs/config/checks/architecture/gcc-11/debug/threading-multi/visibility-hidden/s390x.o" "libs/config/checks/architecture/s390x.cpp"

...failed gcc.compile.c++ bin.v2/libs/config/checks/architecture/gcc-11/debug/threading-multi/visibility-hidden/s390x.o...

...failed updating 1 target...
   gcc.compile.c++ bin.v2/libs/config/checks/architecture/gcc-11/debug/threading-multi/visibility-hidden/s390x.o
...found 2 targets...
...updating 1 target...
gcc.compile.c++ bin.v2/libs/config/checks/architecture/gcc-11/debug/threading-multi/visibility-hidden/sparc.o
libs/config/checks/architecture/sparc.cpp:10:2: error: #error "Not SPARC"
   10 | #error "Not SPARC"
      |  ^~~~~

    "g++"   -fvisibility-inlines-hidden -fPIC -pthread -O0 -fno-inline -Wall -g -fvisibility=hidden  -DBOOST_ALL_NO_LIB=1 -DBOOST_COBALT_USE_STD_PMR=1   -I"."  -c -o "bin.v2/libs/config/checks/architecture/gcc-11/debug/threading-multi/visibility-hidden/sparc.o" "libs/config/checks/architecture/sparc.cpp"

...failed gcc.compile.c++ bin.v2/libs/config/checks/architecture/gcc-11/debug/threading-multi/visibility-hidden/sparc.o...

...failed updating 1 target...
   gcc.compile.c++ bin.v2/libs/config/checks/architecture/gcc-11/debug/threading-multi/visibility-hidden/sparc.o
...found 2 targets...
...updating 1 target...
gcc.compile.c++ bin.v2/libs/config/checks/architecture/gcc-11/debug/threading-multi/visibility-hidden/x86.o

...updated 1 target...
...found 9 targets...
...updating 7 targets...
gcc.compile.c++ bin.v2/libs/atomic/config/gcc-11/release/threading-multi/visibility-hidden/has_sse2.o

...updated 7 targets...
...found 3 targets...
...updating 1 target...
gcc.compile.c++ bin.v2/libs/atomic/config/gcc-11/release/threading-multi/visibility-hidden/has_sse41.o

...updated 1 target...
...found 107 targets...
...updating 5 targets...
gcc.compile.c++ bin.v2/libs/config/checks/gcc-11/release/threading-multi/visibility-hidden/cxx11_static_assert.o

...updated 5 targets...
...found 1 target...
...updating 1 target...
gcc.compile.c++ bin.v2/libs/config/checks/gcc-11/release/threading-multi/visibility-hidden/cxx11_variadic_templates.o

...updated 1 target...
...found 1 target...
...updating 1 target...
gcc.compile.c++ bin.v2/libs/config/checks/gcc-11/release/threading-multi/visibility-hidden/cxx11_decltype.o

...updated 1 target...
...found 10 targets...
...updating 8 targets...
gcc.compile.c++ bin.v2/libs/charconv/config/gcc-11/release/threading-multi/visibility-hidden/has_float128.o
gcc.link bin.v2/libs/charconv/config/gcc-11/release/threading-multi/visibility-hidden/has_float128

...updated 8 targets...
...found 1 target...
...updating 1 target...
gcc.compile.c++ bin.v2/libs/config/checks/gcc-11/release/threading-multi/visibility-hidden/cxx11_hdr_ratio.o

...updated 1 target...
...found 1 target...
...updating 1 target...
gcc.compile.c++ bin.v2/libs/config/checks/gcc-11/release/threading-multi/visibility-hidden/cxx11_template_aliases.o

...updated 1 target...
...found 1 target...
...updating 1 target...
gcc.compile.c++ bin.v2/libs/config/checks/gcc-11/release/threading-multi/visibility-hidden/cxx11_char16_t.o

...updated 1 target...
...found 1 target...
...updating 1 target...
gcc.compile.c++ bin.v2/libs/config/checks/gcc-11/release/threading-multi/visibility-hidden/cxx11_char32_t.o

...updated 1 target...
...found 1 target...
...updating 1 target...
gcc.compile.c++ bin.v2/libs/config/checks/gcc-11/release/threading-multi/visibility-hidden/cxx20_hdr_concepts.o
libs/config/checks/test_case.cpp:656:7: error: #error "Defect macro BOOST_NO_CXX20_HDR_CONCEPTS is defined."
  656 | #     error "Defect macro BOOST_NO_CXX20_HDR_CONCEPTS is defined."
      |       ^~~~~

    "g++"   -fvisibility-inlines-hidden -fPIC -m64 -pthread -O3 -finline-functions -Wno-inline -Wall -fvisibility=hidden  -DBOOST_ALL_NO_LIB=1 -DBOOST_COBALT_USE_STD_PMR=1 -DNDEBUG -DTEST_BOOST_NO_CXX20_HDR_CONCEPTS   -I"."  -c -o "bin.v2/libs/config/checks/gcc-11/release/threading-multi/visibility-hidden/cxx20_hdr_concepts.o" "libs/config/checks/test_case.cpp"

...failed gcc.compile.c++ bin.v2/libs/config/checks/gcc-11/release/threading-multi/visibility-hidden/cxx20_hdr_concepts.o...

...failed updating 1 target...
   gcc.compile.c++ bin.v2/libs/config/checks/gcc-11/release/threading-multi/visibility-hidden/cxx20_hdr_concepts.o
...found 9 targets...
...updating 7 targets...
gcc.compile.c++ bin.v2/libs/filesystem/config/gcc-11/release/threading-multi/visibility-hidden/has_cxx20_atomic_ref.o
libs/filesystem/config/has_cxx20_atomic_ref.cpp: In function ‘int main()’:
libs/filesystem/config/has_cxx20_atomic_ref.cpp:15:10: error: ‘atomic_ref’ is not a member of ‘std’
   15 |     std::atomic_ref< func_t* > ref(func);
      |          ^~~~~~~~~~
libs/filesystem/config/has_cxx20_atomic_ref.cpp:15:10: note: ‘std::atomic_ref’ is only available from C++20 onwards
libs/filesystem/config/has_cxx20_atomic_ref.cpp:15:28: error: expected primary-expression before ‘*’ token
   15 |     std::atomic_ref< func_t* > ref(func);
      |                            ^
libs/filesystem/config/has_cxx20_atomic_ref.cpp:15:30: error: expected primary-expression before ‘>’ token
   15 |     std::atomic_ref< func_t* > ref(func);
      |                              ^
libs/filesystem/config/has_cxx20_atomic_ref.cpp:15:32: error: ‘ref’ was not declared in this scope
   15 |     std::atomic_ref< func_t* > ref(func);
      |                                ^~~

    "g++"   -fvisibility-inlines-hidden -fPIC -m64 -pthread -O3 -finline-functions -Wno-inline -Wall -fvisibility=hidden  -DBOOST_ALL_NO_LIB=1 -DBOOST_COBALT_USE_STD_PMR=1 -DNDEBUG   -I"." -I"libs/filesystem/src"  -c -o "bin.v2/libs/filesystem/config/gcc-11/release/threading-multi/visibility-hidden/has_cxx20_atomic_ref.o" "libs/filesystem/config/has_cxx20_atomic_ref.cpp"

...failed gcc.compile.c++ bin.v2/libs/filesystem/config/gcc-11/release/threading-multi/visibility-hidden/has_cxx20_atomic_ref.o...

...updated 6 targets...

...failed updating 1 target...
   gcc.compile.c++ bin.v2/libs/filesystem/config/gcc-11/release/threading-multi/visibility-hidden/has_cxx20_atomic_ref.o
...found 3 targets...
...updating 2 targets...
gcc.compile.c++ bin.v2/libs/filesystem/config/gcc-11/release/threading-multi/visibility-hidden/has_linkflag_no_undefined.o
gcc.link.dll bin.v2/libs/filesystem/config/gcc-11/release/threading-multi/visibility-hidden/libhas_linkflag_no_undefined.so.1.85.0

...updated 2 targets...
...patience...
...found 138 targets...
...updating 1 target...
gcc.compile.c++ bin.v2/libs/filesystem/config/gcc-11/release/threading-multi/visibility-hidden/has_statx.o
libs/filesystem/config/has_statx.cpp: In function ‘int main()’:
libs/filesystem/config/has_statx.cpp:18:9: warning: unused variable ‘res’ [-Wunused-variable]
   18 |     int res = statx(AT_FDCWD, ".", AT_SYMLINK_NOFOLLOW | AT_NO_AUTOMOUNT, STATX_BTIME, &st);
      |         ^~~

...updated 1 target...
...found 1 target...
...updating 1 target...
gcc.compile.c++ bin.v2/libs/config/checks/gcc-11/release/threading-multi/visibility-hidden/cxx11_rvalue_references.o

...updated 1 target...
...found 1 target...
...updating 1 target...
gcc.compile.c++ bin.v2/libs/config/checks/gcc-11/release/threading-multi/visibility-hidden/cxx11_scoped_enums.o

...updated 1 target...
...found 1 target...
...updating 1 target...
gcc.compile.c++ bin.v2/libs/config/checks/gcc-11/release/threading-multi/visibility-hidden/cxx11_noexcept.o

...updated 1 target...
...found 1 target...
...updating 1 target...
gcc.compile.c++ bin.v2/libs/config/checks/gcc-11/release/threading-multi/visibility-hidden/cxx11_nullptr.o

...updated 1 target...
...found 1 target...
...updating 1 target...
gcc.compile.c++ bin.v2/libs/config/checks/gcc-11/release/threading-multi/visibility-hidden/cxx11_defaulted_functions.o

...updated 1 target...
...found 1 target...
...updating 1 target...
gcc.compile.c++ bin.v2/libs/config/checks/gcc-11/release/threading-multi/visibility-hidden/cxx11_defaulted_moves.o

...updated 1 target...
...found 1 target...
...updating 1 target...
gcc.compile.c++ bin.v2/libs/config/checks/gcc-11/release/threading-multi/visibility-hidden/cxx11_deleted_functions.o

...updated 1 target...
...found 1 target...
...updating 1 target...
gcc.compile.c++ bin.v2/libs/config/checks/gcc-11/release/threading-multi/visibility-hidden/cxx11_function_template_default_args.o

...updated 1 target...
...found 1 target...
...updating 1 target...
gcc.compile.c++ bin.v2/libs/config/checks/gcc-11/release/threading-multi/visibility-hidden/cxx11_final.o

...updated 1 target...
...found 1 target...
...updating 1 target...
gcc.compile.c++ bin.v2/libs/config/checks/gcc-11/release/threading-multi/visibility-hidden/cxx11_override.o

...updated 1 target...
...found 2 targets...
...updating 1 target...
gcc.compile.c++ bin.v2/libs/filesystem/config/gcc-11/release/threading-multi/visibility-hidden/has_attribute_init_priority.o

...updated 1 target...
...found 2 targets...
...updating 1 target...
gcc.compile.c++ bin.v2/libs/filesystem/config/gcc-11/release/threading-multi/visibility-hidden/has_stat_st_mtim.o
libs/filesystem/config/has_stat_st_mtim.cpp: In function ‘int main()’:
libs/filesystem/config/has_stat_st_mtim.cpp:16:17: warning: variable ‘st’ set but not used [-Wunused-but-set-variable]
   16 |     struct stat st;
      |                 ^~

...updated 1 target...
...found 2 targets...
...updating 1 target...
gcc.compile.c++ bin.v2/libs/filesystem/config/gcc-11/release/threading-multi/visibility-hidden/has_stat_st_mtimensec.o
libs/filesystem/config/has_stat_st_mtimensec.cpp: In function ‘int main()’:
libs/filesystem/config/has_stat_st_mtimensec.cpp:17:8: error: ‘struct stat’ has no member named ‘st_mtimensec’
   17 |     st.st_mtimensec = 10;
      |        ^~~~~~~~~~~~

    "g++"   -fvisibility-inlines-hidden -fPIC -m64 -pthread -O3 -finline-functions -Wno-inline -Wall -fvisibility=hidden  -DBOOST_ALL_NO_LIB=1 -DBOOST_COBALT_USE_STD_PMR=1 -DNDEBUG   -I"." -I"libs/filesystem/src"  -c -o "bin.v2/libs/filesystem/config/gcc-11/release/threading-multi/visibility-hidden/has_stat_st_mtimensec.o" "libs/filesystem/config/has_stat_st_mtimensec.cpp"

...failed gcc.compile.c++ bin.v2/libs/filesystem/config/gcc-11/release/threading-multi/visibility-hidden/has_stat_st_mtimensec.o...

...failed updating 1 target...
   gcc.compile.c++ bin.v2/libs/filesystem/config/gcc-11/release/threading-multi/visibility-hidden/has_stat_st_mtimensec.o
...found 2 targets...
...updating 1 target...
gcc.compile.c++ bin.v2/libs/filesystem/config/gcc-11/release/threading-multi/visibility-hidden/has_stat_st_mtimespec.o
libs/filesystem/config/has_stat_st_mtimespec.cpp: In function ‘int main()’:
libs/filesystem/config/has_stat_st_mtimespec.cpp:17:8: error: ‘struct stat’ has no member named ‘st_mtimespec’
   17 |     st.st_mtimespec.tv_nsec = 10;
      |        ^~~~~~~~~~~~

    "g++"   -fvisibility-inlines-hidden -fPIC -m64 -pthread -O3 -finline-functions -Wno-inline -Wall -fvisibility=hidden  -DBOOST_ALL_NO_LIB=1 -DBOOST_COBALT_USE_STD_PMR=1 -DNDEBUG   -I"." -I"libs/filesystem/src"  -c -o "bin.v2/libs/filesystem/config/gcc-11/release/threading-multi/visibility-hidden/has_stat_st_mtimespec.o" "libs/filesystem/config/has_stat_st_mtimespec.cpp"

...failed gcc.compile.c++ bin.v2/libs/filesystem/config/gcc-11/release/threading-multi/visibility-hidden/has_stat_st_mtimespec.o...

...failed updating 1 target...
   gcc.compile.c++ bin.v2/libs/filesystem/config/gcc-11/release/threading-multi/visibility-hidden/has_stat_st_mtimespec.o
...found 2 targets...
...updating 1 target...
gcc.compile.c++ bin.v2/libs/filesystem/config/gcc-11/release/threading-multi/visibility-hidden/has_stat_st_birthtim.o
libs/filesystem/config/has_stat_st_birthtim.cpp: In function ‘int main()’:
libs/filesystem/config/has_stat_st_birthtim.cpp:17:8: error: ‘struct stat’ has no member named ‘st_birthtim’
   17 |     st.st_birthtim.tv_sec = 1;
      |        ^~~~~~~~~~~
libs/filesystem/config/has_stat_st_birthtim.cpp:18:8: error: ‘struct stat’ has no member named ‘st_birthtim’
   18 |     st.st_birthtim.tv_nsec = 10;
      |        ^~~~~~~~~~~

    "g++"   -fvisibility-inlines-hidden -fPIC -m64 -pthread -O3 -finline-functions -Wno-inline -Wall -fvisibility=hidden  -DBOOST_ALL_NO_LIB=1 -DBOOST_COBALT_USE_STD_PMR=1 -DNDEBUG   -I"." -I"libs/filesystem/src"  -c -o "bin.v2/libs/filesystem/config/gcc-11/release/threading-multi/visibility-hidden/has_stat_st_birthtim.o" "libs/filesystem/config/has_stat_st_birthtim.cpp"

...failed gcc.compile.c++ bin.v2/libs/filesystem/config/gcc-11/release/threading-multi/visibility-hidden/has_stat_st_birthtim.o...

...failed updating 1 target...
   gcc.compile.c++ bin.v2/libs/filesystem/config/gcc-11/release/threading-multi/visibility-hidden/has_stat_st_birthtim.o
...found 2 targets...
...updating 1 target...
gcc.compile.c++ bin.v2/libs/filesystem/config/gcc-11/release/threading-multi/visibility-hidden/has_stat_st_birthtimensec.o
libs/filesystem/config/has_stat_st_birthtimensec.cpp: In function ‘int main()’:
libs/filesystem/config/has_stat_st_birthtimensec.cpp:17:8: error: ‘struct stat’ has no member named ‘st_birthtime’
   17 |     st.st_birthtime = 1;
      |        ^~~~~~~~~~~~
libs/filesystem/config/has_stat_st_birthtimensec.cpp:18:8: error: ‘struct stat’ has no member named ‘st_birthtimensec’
   18 |     st.st_birthtimensec = 10;
      |        ^~~~~~~~~~~~~~~~

    "g++"   -fvisibility-inlines-hidden -fPIC -m64 -pthread -O3 -finline-functions -Wno-inline -Wall -fvisibility=hidden  -DBOOST_ALL_NO_LIB=1 -DBOOST_COBALT_USE_STD_PMR=1 -DNDEBUG   -I"." -I"libs/filesystem/src"  -c -o "bin.v2/libs/filesystem/config/gcc-11/release/threading-multi/visibility-hidden/has_stat_st_birthtimensec.o" "libs/filesystem/config/has_stat_st_birthtimensec.cpp"

...failed gcc.compile.c++ bin.v2/libs/filesystem/config/gcc-11/release/threading-multi/visibility-hidden/has_stat_st_birthtimensec.o...

...failed updating 1 target...
   gcc.compile.c++ bin.v2/libs/filesystem/config/gcc-11/release/threading-multi/visibility-hidden/has_stat_st_birthtimensec.o
...found 2 targets...
...updating 1 target...
gcc.compile.c++ bin.v2/libs/filesystem/config/gcc-11/release/threading-multi/visibility-hidden/has_stat_st_birthtimespec.o
libs/filesystem/config/has_stat_st_birthtimespec.cpp: In function ‘int main()’:
libs/filesystem/config/has_stat_st_birthtimespec.cpp:17:8: error: ‘struct stat’ has no member named ‘st_birthtimespec’
   17 |     st.st_birthtimespec.tv_sec = 1;
      |        ^~~~~~~~~~~~~~~~
libs/filesystem/config/has_stat_st_birthtimespec.cpp:18:8: error: ‘struct stat’ has no member named ‘st_birthtimespec’
   18 |     st.st_birthtimespec.tv_nsec = 10;
      |        ^~~~~~~~~~~~~~~~

    "g++"   -fvisibility-inlines-hidden -fPIC -m64 -pthread -O3 -finline-functions -Wno-inline -Wall -fvisibility=hidden  -DBOOST_ALL_NO_LIB=1 -DBOOST_COBALT_USE_STD_PMR=1 -DNDEBUG   -I"." -I"libs/filesystem/src"  -c -o "bin.v2/libs/filesystem/config/gcc-11/release/threading-multi/visibility-hidden/has_stat_st_birthtimespec.o" "libs/filesystem/config/has_stat_st_birthtimespec.cpp"

...failed gcc.compile.c++ bin.v2/libs/filesystem/config/gcc-11/release/threading-multi/visibility-hidden/has_stat_st_birthtimespec.o...

...failed updating 1 target...
   gcc.compile.c++ bin.v2/libs/filesystem/config/gcc-11/release/threading-multi/visibility-hidden/has_stat_st_birthtimespec.o
...found 3 targets...
...updating 1 target...
gcc.compile.c++ bin.v2/libs/filesystem/config/gcc-11/release/threading-multi/visibility-hidden/has_fdopendir_nofollow.o

...updated 1 target...
...found 2 targets...
...updating 1 target...
gcc.compile.c++ bin.v2/libs/filesystem/config/gcc-11/release/threading-multi/visibility-hidden/has_dirent_d_type.o

...updated 1 target...
...found 3 targets...
...updating 1 target...
gcc.compile.c++ bin.v2/libs/filesystem/config/gcc-11/release/threading-multi/visibility-hidden/has_posix_at_apis.o

...updated 1 target...
...found 2 targets...
...updating 1 target...
gcc.compile.c++ bin.v2/libs/filesystem/config/gcc-11/release/threading-multi/visibility-hidden/has_fallocate.o

...updated 1 target...
...found 1 target...
...updating 1 target...
gcc.compile.c++ bin.v2/libs/config/checks/gcc-11/release/threading-multi/visibility-hidden/cxx11_auto_declarations.o

...updated 1 target...
...found 1 target...
...updating 1 target...
gcc.compile.c++ bin.v2/libs/config/checks/gcc-11/release/threading-multi/visibility-hidden/cxx11_constexpr.o

...updated 1 target...
...found 1 target...
...updating 1 target...
gcc.compile.c++ bin.v2/libs/config/checks/gcc-11/release/threading-multi/visibility-hidden/cxx11_hdr_mutex.o

...updated 1 target...
...found 1 target...
...updating 1 target...
gcc.compile.c++ bin.v2/libs/config/checks/gcc-11/release/threading-multi/visibility-hidden/cxx11_hdr_tuple.o

...updated 1 target...
...found 1 target...
...updating 1 target...
gcc.compile.c++ bin.v2/libs/config/checks/gcc-11/release/threading-multi/visibility-hidden/cxx11_lambdas.o

...updated 1 target...
...found 1 target...
...updating 1 target...
gcc.compile.c++ bin.v2/libs/config/checks/gcc-11/release/threading-multi/visibility-hidden/cxx11_thread_local.o

...updated 1 target...
...found 255 targets...
...updating 8 targets...
gcc.compile.c++ bin.v2/libs/regex/build/gcc-11/release/threading-multi/visibility-hidden/has_icu_test.o
gcc.link bin.v2/libs/regex/build/gcc-11/release/threading-multi/visibility-hidden/has_icu

...updated 8 targets...
...found 10 targets...
...updating 8 targets...
gcc.compile.c++ bin.v2/standalone/ac/gcc-11/release/threading-multi/visibility-hidden/zlib_h.o

...updated 8 targets...
...found 5 targets...
...updating 3 targets...
gcc.compile.c++ bin.v2/standalone/ac/gcc-11/release/threading-multi/visibility-hidden/main-z.o
gcc.link bin.v2/standalone/ac/gcc-11/release/threading-multi/visibility-hidden/z

...updated 3 targets...
...found 4 targets...
...updating 2 targets...
gcc.compile.c++ bin.v2/standalone/ac/gcc-11/release/threading-multi/visibility-hidden/bzlib_h.o

...updated 2 targets...
...found 5 targets...
...updating 3 targets...
gcc.compile.c++ bin.v2/standalone/ac/gcc-11/release/threading-multi/visibility-hidden/main-bz2.o
gcc.link bin.v2/standalone/ac/gcc-11/release/threading-multi/visibility-hidden/bz2

...updated 3 targets...
...found 4 targets...
...updating 2 targets...
gcc.compile.c++ bin.v2/standalone/ac/gcc-11/release/threading-multi/visibility-hidden/lzma_h.o
bin.v2/standalone/ac/lzma_h.cpp:1:10: fatal error: lzma.h: No such file or directory
    1 | #include <lzma.h>
      |          ^~~~~~~~
compilation terminated.

    "g++"   -fvisibility-inlines-hidden -fPIC -m64 -pthread -O3 -finline-functions -Wno-inline -Wall -fvisibility=hidden  -DBOOST_COBALT_USE_STD_PMR=1 -DNDEBUG     -c -o "bin.v2/standalone/ac/gcc-11/release/threading-multi/visibility-hidden/lzma_h.o" "bin.v2/standalone/ac/lzma_h.cpp"

...failed gcc.compile.c++ bin.v2/standalone/ac/gcc-11/release/threading-multi/visibility-hidden/lzma_h.o...

...updated 1 target...

...failed updating 1 target...
   gcc.compile.c++ bin.v2/standalone/ac/gcc-11/release/threading-multi/visibility-hidden/lzma_h.o
...found 5 targets...
...updating 3 targets...
gcc.compile.c++ bin.v2/standalone/ac/gcc-11/release/threading-multi/visibility-hidden/main-lzma.o
gcc.link bin.v2/standalone/ac/gcc-11/release/threading-multi/visibility-hidden/lzma
/usr/bin/ld: cannot find -llzma: No such file or directory
collect2: error: ld returned 1 exit status

    "g++"    -o "bin.v2/standalone/ac/gcc-11/release/threading-multi/visibility-hidden/lzma" -Wl,--start-group "bin.v2/standalone/ac/gcc-11/release/threading-multi/visibility-hidden/main-lzma.o"  -Wl,-Bstatic  -Wl,-Bdynamic -lrt -llzma -Wl,--end-group -fPIC -m64 -pthread -fvisibility=hidden -fvisibility-inlines-hidden 

...failed gcc.link bin.v2/standalone/ac/gcc-11/release/threading-multi/visibility-hidden/lzma...

...updated 2 targets...

...failed updating 1 target...
   gcc.link bin.v2/standalone/ac/gcc-11/release/threading-multi/visibility-hidden/lzma
...found 5 targets...
...updating 3 targets...
gcc.compile.c++ bin.v2/standalone/ac/gcc-11/release/threading-multi/visibility-hidden/main-liblzma.o
gcc.link bin.v2/standalone/ac/gcc-11/release/threading-multi/visibility-hidden/liblzma
/usr/bin/ld: cannot find -lliblzma: No such file or directory
collect2: error: ld returned 1 exit status

    "g++"    -o "bin.v2/standalone/ac/gcc-11/release/threading-multi/visibility-hidden/liblzma" -Wl,--start-group "bin.v2/standalone/ac/gcc-11/release/threading-multi/visibility-hidden/main-liblzma.o"  -Wl,-Bstatic  -Wl,-Bdynamic -lrt -lliblzma -Wl,--end-group -fPIC -m64 -pthread -fvisibility=hidden -fvisibility-inlines-hidden 

...failed gcc.link bin.v2/standalone/ac/gcc-11/release/threading-multi/visibility-hidden/liblzma...

...updated 2 targets...

...failed updating 1 target...
   gcc.link bin.v2/standalone/ac/gcc-11/release/threading-multi/visibility-hidden/liblzma
...found 5 targets...
...updating 5 targets...
gcc.compile.c++ bin.v2/standalone/ac/gcc-11/release/link-static/threading-multi/visibility-hidden/main-lzma.o
gcc.link bin.v2/standalone/ac/gcc-11/release/link-static/threading-multi/visibility-hidden/lzma
/usr/bin/ld: cannot find -llzma: No such file or directory
collect2: error: ld returned 1 exit status

    "g++"    -o "bin.v2/standalone/ac/gcc-11/release/link-static/threading-multi/visibility-hidden/lzma" -Wl,--start-group "bin.v2/standalone/ac/gcc-11/release/link-static/threading-multi/visibility-hidden/main-lzma.o"  -Wl,-Bstatic -llzma -Wl,-Bdynamic -lrt -Wl,--end-group -m64 -pthread -fvisibility=hidden -fvisibility-inlines-hidden 

...failed gcc.link bin.v2/standalone/ac/gcc-11/release/link-static/threading-multi/visibility-hidden/lzma...

...updated 4 targets...

...failed updating 1 target...
   gcc.link bin.v2/standalone/ac/gcc-11/release/link-static/threading-multi/visibility-hidden/lzma
...found 2 targets...
...updating 2 targets...
gcc.compile.c++ bin.v2/standalone/ac/gcc-11/release/link-static/threading-multi/visibility-hidden/main-liblzma.o
gcc.link bin.v2/standalone/ac/gcc-11/release/link-static/threading-multi/visibility-hidden/liblzma
/usr/bin/ld: cannot find -lliblzma: No such file or directory
collect2: error: ld returned 1 exit status

    "g++"    -o "bin.v2/standalone/ac/gcc-11/release/link-static/threading-multi/visibility-hidden/liblzma" -Wl,--start-group "bin.v2/standalone/ac/gcc-11/release/link-static/threading-multi/visibility-hidden/main-liblzma.o"  -Wl,-Bstatic -lliblzma -Wl,-Bdynamic -lrt -Wl,--end-group -m64 -pthread -fvisibility=hidden -fvisibility-inlines-hidden 

...failed gcc.link bin.v2/standalone/ac/gcc-11/release/link-static/threading-multi/visibility-hidden/liblzma...

...updated 1 target...

...failed updating 1 target...
   gcc.link bin.v2/standalone/ac/gcc-11/release/link-static/threading-multi/visibility-hidden/liblzma
...found 4 targets...
...updating 2 targets...
gcc.compile.c++ bin.v2/standalone/ac/gcc-11/release/threading-multi/visibility-hidden/zstd_h.o
bin.v2/standalone/ac/zstd_h.cpp:1:10: fatal error: zstd.h: No such file or directory
    1 | #include <zstd.h>
      |          ^~~~~~~~
compilation terminated.

    "g++"   -fvisibility-inlines-hidden -fPIC -m64 -pthread -O3 -finline-functions -Wno-inline -Wall -fvisibility=hidden  -DBOOST_COBALT_USE_STD_PMR=1 -DNDEBUG     -c -o "bin.v2/standalone/ac/gcc-11/release/threading-multi/visibility-hidden/zstd_h.o" "bin.v2/standalone/ac/zstd_h.cpp"

...failed gcc.compile.c++ bin.v2/standalone/ac/gcc-11/release/threading-multi/visibility-hidden/zstd_h.o...

...updated 1 target...

...failed updating 1 target...
   gcc.compile.c++ bin.v2/standalone/ac/gcc-11/release/threading-multi/visibility-hidden/zstd_h.o
...found 5 targets...
...updating 3 targets...
gcc.compile.c++ bin.v2/standalone/ac/gcc-11/release/threading-multi/visibility-hidden/main-zstd.o
gcc.link bin.v2/standalone/ac/gcc-11/release/threading-multi/visibility-hidden/zstd
/usr/bin/ld: cannot find -lzstd: No such file or directory
collect2: error: ld returned 1 exit status

    "g++"    -o "bin.v2/standalone/ac/gcc-11/release/threading-multi/visibility-hidden/zstd" -Wl,--start-group "bin.v2/standalone/ac/gcc-11/release/threading-multi/visibility-hidden/main-zstd.o"  -Wl,-Bstatic  -Wl,-Bdynamic -lrt -lzstd -Wl,--end-group -fPIC -m64 -pthread -fvisibility=hidden -fvisibility-inlines-hidden 

...failed gcc.link bin.v2/standalone/ac/gcc-11/release/threading-multi/visibility-hidden/zstd...

...updated 2 targets...

...failed updating 1 target...
   gcc.link bin.v2/standalone/ac/gcc-11/release/threading-multi/visibility-hidden/zstd
...found 5 targets...
...updating 3 targets...
gcc.compile.c++ bin.v2/standalone/ac/gcc-11/release/threading-multi/visibility-hidden/main-zstd_static.o
gcc.link bin.v2/standalone/ac/gcc-11/release/threading-multi/visibility-hidden/zstd_static
/usr/bin/ld: cannot find -lzstd_static: No such file or directory
collect2: error: ld returned 1 exit status

    "g++"    -o "bin.v2/standalone/ac/gcc-11/release/threading-multi/visibility-hidden/zstd_static" -Wl,--start-group "bin.v2/standalone/ac/gcc-11/release/threading-multi/visibility-hidden/main-zstd_static.o"  -Wl,-Bstatic  -Wl,-Bdynamic -lrt -lzstd_static -Wl,--end-group -fPIC -m64 -pthread -fvisibility=hidden -fvisibility-inlines-hidden 

...failed gcc.link bin.v2/standalone/ac/gcc-11/release/threading-multi/visibility-hidden/zstd_static...

...updated 2 targets...

...failed updating 1 target...
   gcc.link bin.v2/standalone/ac/gcc-11/release/threading-multi/visibility-hidden/zstd_static
...found 5 targets...
...updating 3 targets...
gcc.compile.c++ bin.v2/standalone/ac/gcc-11/release/threading-multi/visibility-hidden/main-libzstd.o
gcc.link bin.v2/standalone/ac/gcc-11/release/threading-multi/visibility-hidden/libzstd
/usr/bin/ld: cannot find -llibzstd: No such file or directory
collect2: error: ld returned 1 exit status

    "g++"    -o "bin.v2/standalone/ac/gcc-11/release/threading-multi/visibility-hidden/libzstd" -Wl,--start-group "bin.v2/standalone/ac/gcc-11/release/threading-multi/visibility-hidden/main-libzstd.o"  -Wl,-Bstatic  -Wl,-Bdynamic -lrt -llibzstd -Wl,--end-group -fPIC -m64 -pthread -fvisibility=hidden -fvisibility-inlines-hidden 

...failed gcc.link bin.v2/standalone/ac/gcc-11/release/threading-multi/visibility-hidden/libzstd...

...updated 2 targets...

...failed updating 1 target...
   gcc.link bin.v2/standalone/ac/gcc-11/release/threading-multi/visibility-hidden/libzstd
...found 5 targets...
...updating 3 targets...
gcc.compile.c++ bin.v2/standalone/ac/gcc-11/release/threading-multi/visibility-hidden/main-libzstd_static.o
gcc.link bin.v2/standalone/ac/gcc-11/release/threading-multi/visibility-hidden/libzstd_static
/usr/bin/ld: cannot find -llibzstd_static: No such file or directory
collect2: error: ld returned 1 exit status

    "g++"    -o "bin.v2/standalone/ac/gcc-11/release/threading-multi/visibility-hidden/libzstd_static" -Wl,--start-group "bin.v2/standalone/ac/gcc-11/release/threading-multi/visibility-hidden/main-libzstd_static.o"  -Wl,-Bstatic  -Wl,-Bdynamic -lrt -llibzstd_static -Wl,--end-group -fPIC -m64 -pthread -fvisibility=hidden -fvisibility-inlines-hidden 

...failed gcc.link bin.v2/standalone/ac/gcc-11/release/threading-multi/visibility-hidden/libzstd_static...

...updated 2 targets...

...failed updating 1 target...
   gcc.link bin.v2/standalone/ac/gcc-11/release/threading-multi/visibility-hidden/libzstd_static
...found 2 targets...
...updating 2 targets...
gcc.compile.c++ bin.v2/standalone/ac/gcc-11/release/link-static/threading-multi/visibility-hidden/main-zstd.o
gcc.link bin.v2/standalone/ac/gcc-11/release/link-static/threading-multi/visibility-hidden/zstd
/usr/bin/ld: cannot find -lzstd: No such file or directory
collect2: error: ld returned 1 exit status

    "g++"    -o "bin.v2/standalone/ac/gcc-11/release/link-static/threading-multi/visibility-hidden/zstd" -Wl,--start-group "bin.v2/standalone/ac/gcc-11/release/link-static/threading-multi/visibility-hidden/main-zstd.o"  -Wl,-Bstatic -lzstd -Wl,-Bdynamic -lrt -Wl,--end-group -m64 -pthread -fvisibility=hidden -fvisibility-inlines-hidden 

...failed gcc.link bin.v2/standalone/ac/gcc-11/release/link-static/threading-multi/visibility-hidden/zstd...

...updated 1 target...

...failed updating 1 target...
   gcc.link bin.v2/standalone/ac/gcc-11/release/link-static/threading-multi/visibility-hidden/zstd
...found 2 targets...
...updating 2 targets...
gcc.compile.c++ bin.v2/standalone/ac/gcc-11/release/link-static/threading-multi/visibility-hidden/main-zstd_static.o
gcc.link bin.v2/standalone/ac/gcc-11/release/link-static/threading-multi/visibility-hidden/zstd_static
/usr/bin/ld: cannot find -lzstd_static: No such file or directory
collect2: error: ld returned 1 exit status

    "g++"    -o "bin.v2/standalone/ac/gcc-11/release/link-static/threading-multi/visibility-hidden/zstd_static" -Wl,--start-group "bin.v2/standalone/ac/gcc-11/release/link-static/threading-multi/visibility-hidden/main-zstd_static.o"  -Wl,-Bstatic -lzstd_static -Wl,-Bdynamic -lrt -Wl,--end-group -m64 -pthread -fvisibility=hidden -fvisibility-inlines-hidden 

...failed gcc.link bin.v2/standalone/ac/gcc-11/release/link-static/threading-multi/visibility-hidden/zstd_static...

...updated 1 target...

...failed updating 1 target...
   gcc.link bin.v2/standalone/ac/gcc-11/release/link-static/threading-multi/visibility-hidden/zstd_static
...found 2 targets...
...updating 2 targets...
gcc.compile.c++ bin.v2/standalone/ac/gcc-11/release/link-static/threading-multi/visibility-hidden/main-libzstd.o
gcc.link bin.v2/standalone/ac/gcc-11/release/link-static/threading-multi/visibility-hidden/libzstd
/usr/bin/ld: cannot find -llibzstd: No such file or directory
collect2: error: ld returned 1 exit status

    "g++"    -o "bin.v2/standalone/ac/gcc-11/release/link-static/threading-multi/visibility-hidden/libzstd" -Wl,--start-group "bin.v2/standalone/ac/gcc-11/release/link-static/threading-multi/visibility-hidden/main-libzstd.o"  -Wl,-Bstatic -llibzstd -Wl,-Bdynamic -lrt -Wl,--end-group -m64 -pthread -fvisibility=hidden -fvisibility-inlines-hidden 

...failed gcc.link bin.v2/standalone/ac/gcc-11/release/link-static/threading-multi/visibility-hidden/libzstd...

...updated 1 target...

...failed updating 1 target...
   gcc.link bin.v2/standalone/ac/gcc-11/release/link-static/threading-multi/visibility-hidden/libzstd
...found 2 targets...
...updating 2 targets...
gcc.compile.c++ bin.v2/standalone/ac/gcc-11/release/link-static/threading-multi/visibility-hidden/main-libzstd_static.o
gcc.link bin.v2/standalone/ac/gcc-11/release/link-static/threading-multi/visibility-hidden/libzstd_static
/usr/bin/ld: cannot find -llibzstd_static: No such file or directory
collect2: error: ld returned 1 exit status

    "g++"    -o "bin.v2/standalone/ac/gcc-11/release/link-static/threading-multi/visibility-hidden/libzstd_static" -Wl,--start-group "bin.v2/standalone/ac/gcc-11/release/link-static/threading-multi/visibility-hidden/main-libzstd_static.o"  -Wl,-Bstatic -llibzstd_static -Wl,-Bdynamic -lrt -Wl,--end-group -m64 -pthread -fvisibility=hidden -fvisibility-inlines-hidden 

...failed gcc.link bin.v2/standalone/ac/gcc-11/release/link-static/threading-multi/visibility-hidden/libzstd_static...

...updated 1 target...

...failed updating 1 target...
   gcc.link bin.v2/standalone/ac/gcc-11/release/link-static/threading-multi/visibility-hidden/libzstd_static
...found 10 targets...
...updating 8 targets...
gcc.compile.c++ bin.v2/libs/iostreams/build/gcc-11/release/threading-multi/visibility-hidden/has_lzma_cputhreads.o
libs/iostreams/src/../build/has_lzma_cputhreads.cpp:5:10: fatal error: lzma.h: No such file or directory
    5 | #include <lzma.h>
      |          ^~~~~~~~
compilation terminated.

    "g++"   -fvisibility-inlines-hidden -fPIC -m64 -pthread -O3 -finline-functions -Wno-inline -Wall -fvisibility=hidden  -DBOOST_ALL_NO_LIB=1 -DBOOST_COBALT_USE_STD_PMR=1 -DNDEBUG   -I"."  -c -o "bin.v2/libs/iostreams/build/gcc-11/release/threading-multi/visibility-hidden/has_lzma_cputhreads.o" "libs/iostreams/src/../build/has_lzma_cputhreads.cpp"

...failed gcc.compile.c++ bin.v2/libs/iostreams/build/gcc-11/release/threading-multi/visibility-hidden/has_lzma_cputhreads.o...
...skipped <pbin.v2/libs/iostreams/build/gcc-11/release/threading-multi/visibility-hidden>has_lzma_cputhreads for lack of <pbin.v2/libs/iostreams/build/gcc-11/release/threading-multi/visibility-hidden>has_lzma_cputhreads.o...

...updated 6 targets...

...skipped 1 target...
   <pbin.v2/libs/iostreams/build/gcc-11/release/threading-multi/visibility-hidden>has_lzma_cputhreads

...failed updating 1 target...
   gcc.compile.c++ bin.v2/libs/iostreams/build/gcc-11/release/threading-multi/visibility-hidden/has_lzma_cputhreads.o
...found 8 targets...
...updating 7 targets...
gcc.compile.c++ bin.v2/libs/json/build/gcc-11/release/threading-multi/visibility-hidden/cxx11_basic_alignas.o

...updated 7 targets...
...found 10 targets...
...updating 8 targets...
gcc.compile.c++ bin.v2/libs/locale/build/gcc-11/release/threading-multi/visibility-hidden/has_icu_test.o
/home/ubuntu/openmind/boost_1_85_0/libs/locale/build/has_icu_test.cpp: In function ‘int main()’:
/home/ubuntu/openmind/boost_1_85_0/libs/locale/build/has_icu_test.cpp:16:13: warning: unused variable ‘c’ [-Wunused-variable]
   16 |     UChar32 c = ::u_charFromName(U_UNICODE_CHAR_NAME, "GREEK SMALL LETTER ALPHA", &err);
      |             ^
gcc.link bin.v2/libs/locale/build/gcc-11/release/threading-multi/visibility-hidden/has_icu

...updated 8 targets...
...found 4 targets...
...updating 2 targets...
gcc.compile.c++ bin.v2/libs/locale/build/gcc-11/release/threading-multi/visibility-hidden/has_external_iconv_with_icu_obj.o
gcc.link bin.v2/libs/locale/build/gcc-11/release/threading-multi/visibility-hidden/has_iconv_with_icu

...updated 2 targets...
...found 1 target...
...updating 1 target...
gcc.compile.c++ bin.v2/libs/config/checks/gcc-11/release/threading-multi/visibility-hidden/cxx11_hdr_functional.o

...updated 1 target...
...found 1 target...
...updating 1 target...
gcc.compile.c++ bin.v2/libs/config/checks/gcc-11/release/threading-multi/visibility-hidden/cxx11_hdr_type_traits.o

...updated 1 target...
...found 1 target...
...updating 1 target...
gcc.compile.c++ bin.v2/libs/config/checks/gcc-11/release/threading-multi/visibility-hidden/cxx11_range_based_for.o

...updated 1 target...
...found 1 target...
...updating 1 target...
gcc.compile.c++ bin.v2/libs/config/checks/gcc-11/release/threading-multi/visibility-hidden/cxx11_smart_ptr.o

...updated 1 target...
...found 199 targets...
...updating 8 targets...
gcc.compile.c++ bin.v2/libs/thread/build/gcc-11/release/threading-multi/visibility-hidden/has_atomic_flag_lockfree_test.o
gcc.link bin.v2/libs/thread/build/gcc-11/release/threading-multi/visibility-hidden/has_atomic_flag_lockfree

...updated 8 targets...
...found 11 targets...
...updating 9 targets...
gcc.compile.c++ bin.v2/libs/log/config/atomic-int32/gcc-11/release/pch-off/threading-multi/visibility-hidden/atomic_int32.o

...updated 9 targets...
...found 9 targets...
...updating 7 targets...
gcc.compile.c++ bin.v2/libs/log/config/native-syslog/gcc-11/release/pch-off/threading-multi/visibility-hidden/native_syslog.o

...updated 7 targets...
...found 8 targets...
...updating 7 targets...
gcc.compile.c++ bin.v2/libs/log/config/pthread-mutex-robust/gcc-11/release/pch-off/threading-multi/visibility-hidden/pthread_mutex_robust.o

...updated 7 targets...
...found 148 targets...
...updating 7 targets...
gcc.compile.c++ bin.v2/libs/log/config/regex-header-only/gcc-11/release/pch-off/threading-multi/visibility-hidden/regex_header_only.o

...updated 7 targets...
...found 10 targets...
...updating 7 targets...
gcc.compile.c++ bin.v2/libs/log/config/x86-ext/gcc-11/release/pch-off/threading-multi/visibility-hidden/ssse3.o
libs/log/config/x86-ext/ssse3.cpp: In function ‘int main(int, char**)’:
libs/log/config/x86-ext/ssse3.cpp:14:10: warning: ignoring return value of ‘size_t fread(void*, size_t, size_t, FILE*)’ declared with attribute ‘warn_unused_result’ [-Wunused-result]
   14 |     fread(&mm, 1u, sizeof(mm), stdin);
      |     ~~~~~^~~~~~~~~~~~~~~~~~~~~~~~~~~~

...updated 7 targets...
...found 3 targets...
...updating 1 target...
gcc.compile.c++ bin.v2/libs/log/config/x86-ext/gcc-11/release/pch-off/threading-multi/visibility-hidden/avx2.o
libs/log/config/x86-ext/avx2.cpp: In function ‘int main(int, char**)’:
libs/log/config/x86-ext/avx2.cpp:14:10: warning: ignoring return value of ‘size_t fread(void*, size_t, size_t, FILE*)’ declared with attribute ‘warn_unused_result’ [-Wunused-result]
   14 |     fread(&mm, 1u, sizeof(mm), stdin);
      |     ~~~~~^~~~~~~~~~~~~~~~~~~~~~~~~~~~

...updated 1 target...
...found 8 targets...
...updating 7 targets...
gcc.compile.c++ bin.v2/libs/math/config/gcc-11/release/threading-multi/visibility-hidden/has_gcc_visibility.o

...updated 7 targets...
...found 1 target...
...updating 1 target...
gcc.compile.c++ bin.v2/libs/config/checks/gcc-11/release/threading-multi/visibility-hidden/sfinae_expr.o

...updated 1 target...
...found 1 target...
...updating 1 target...
gcc.compile.c++ bin.v2/libs/config/checks/gcc-11/release/threading-multi/visibility-hidden/cxx11_unified_initialization_syntax.o

...updated 1 target...
...found 1 target...
...updating 1 target...
gcc.compile.c++ bin.v2/libs/config/checks/gcc-11/release/threading-multi/visibility-hidden/cxx11_hdr_initializer_list.o

...updated 1 target...
...found 1 target...
...updating 1 target...
gcc.compile.c++ bin.v2/libs/config/checks/gcc-11/release/threading-multi/visibility-hidden/cxx11_hdr_chrono.o

...updated 1 target...
...found 1 target...
...updating 1 target...
gcc.compile.c++ bin.v2/libs/config/checks/gcc-11/release/threading-multi/visibility-hidden/cxx11_numeric_limits.o

...updated 1 target...
...found 1 target...
...updating 1 target...
gcc.compile.c++ bin.v2/libs/config/checks/gcc-11/release/threading-multi/visibility-hidden/cxx11_hdr_array.o

...updated 1 target...
...found 1 target...
...updating 1 target...
gcc.compile.c++ bin.v2/libs/config/checks/gcc-11/release/threading-multi/visibility-hidden/cxx11_hdr_atomic.o

...updated 1 target...
...found 1 target...
...updating 1 target...
gcc.compile.c++ bin.v2/libs/config/checks/gcc-11/release/threading-multi/visibility-hidden/cxx11_allocator.o

...updated 1 target...
...found 1 target...
...updating 1 target...
gcc.compile.c++ bin.v2/libs/config/checks/gcc-11/release/threading-multi/visibility-hidden/cxx11_explicit_conversion_operators.o

...updated 1 target...
...found 1 target...
...updating 1 target...
gcc.compile.c++ bin.v2/libs/config/checks/gcc-11/release/threading-multi/visibility-hidden/cxx14_decltype_auto.o

...updated 1 target...
...found 1 target...
...updating 1 target...
gcc.compile.c++ bin.v2/libs/config/checks/gcc-11/release/threading-multi/visibility-hidden/cxx14_generic_lambdas.o

...updated 1 target...
...found 1 target...
...updating 1 target...
gcc.compile.c++ bin.v2/libs/config/checks/gcc-11/release/threading-multi/visibility-hidden/cxx14_return_type_deduction.o

...updated 1 target...
...found 1 target...
...updating 1 target...
gcc.compile.c++ bin.v2/libs/config/checks/gcc-11/release/threading-multi/visibility-hidden/cxx14_variable_templates.o

...updated 1 target...
...found 9 targets...
...updating 1 target...
gcc.compile.c++ bin.v2/libs/math/config/gcc-11/release/threading-multi/visibility-hidden/has_long_double_support.o

...updated 1 target...
...found 9 targets...
...updating 8 targets...
gcc.compile.c++ bin.v2/libs/nowide/config/gcc-11/release/threading-multi/visibility-hidden/check_lfs_support.o
gcc.link bin.v2/libs/nowide/config/gcc-11/release/threading-multi/visibility-hidden/lfs_support

...updated 8 targets...
...found 2 targets...
...updating 1 target...
gcc.compile.c++ bin.v2/libs/nowide/config/gcc-11/release/threading-multi/visibility-hidden/attribute_init_priority.o

...updated 1 target...
...found 1 target...
...updating 1 target...
gcc.compile.c++ bin.v2/libs/config/checks/gcc-11/release/threading-multi/visibility-hidden/std_wstreambuf.o

...updated 1 target...
...found 4 targets...
...updating 4 targets...
gcc.compile.c++ bin.v2/libs/config/checks/gcc-11/release/link-static/threading-multi/visibility-hidden/cxx11_rvalue_references.o

...updated 4 targets...
...found 12 targets...
...updating 9 targets...
gcc.compile.c++ bin.v2/libs/stacktrace/build/gcc-11/release/threading-multi/visibility-hidden/has_backtrace.o
gcc.link bin.v2/libs/stacktrace/build/gcc-11/release/threading-multi/visibility-hidden/libbacktrace_exe
Jamfile</home/ubuntu/openmind/boost_1_85_0/libs/stacktrace/build>.mp_simple_run_action bin.v2/libs/stacktrace/build/gcc-11/release/threading-multi/visibility-hidden/libbacktrace.output

...updated 9 targets...
...found 5 targets...
...updating 3 targets...
gcc.compile.c++ bin.v2/libs/stacktrace/build/gcc-11/release/threading-multi/visibility-hidden/has_addr2line.o
gcc.link bin.v2/libs/stacktrace/build/gcc-11/release/threading-multi/visibility-hidden/addr2line_exe
Jamfile</home/ubuntu/openmind/boost_1_85_0/libs/stacktrace/build>.mp_simple_run_action bin.v2/libs/stacktrace/build/gcc-11/release/threading-multi/visibility-hidden/addr2line.output

...updated 3 targets...
...found 5 targets...
...updating 3 targets...
gcc.compile.c++ bin.v2/libs/stacktrace/build/gcc-11/release/threading-multi/visibility-hidden/has_windbg.o
libs/stacktrace/build/has_windbg.cpp:8:10: fatal error: windows.h: No such file or directory
    8 | #include <windows.h>
      |          ^~~~~~~~~~~
compilation terminated.

    "g++"   -fvisibility-inlines-hidden -fPIC -m64 -pthread -O3 -finline-functions -Wno-inline -Wall -fvisibility=hidden  -DBOOST_ALL_NO_LIB=1 -DBOOST_COBALT_USE_STD_PMR=1 -DNDEBUG   -I"."  -c -o "bin.v2/libs/stacktrace/build/gcc-11/release/threading-multi/visibility-hidden/has_windbg.o" "libs/stacktrace/build/has_windbg.cpp"

...failed gcc.compile.c++ bin.v2/libs/stacktrace/build/gcc-11/release/threading-multi/visibility-hidden/has_windbg.o...
...skipped <pbin.v2/libs/stacktrace/build/gcc-11/release/threading-multi/visibility-hidden>WinDbg_exe for lack of <pbin.v2/libs/stacktrace/build/gcc-11/release/threading-multi/visibility-hidden>has_windbg.o...
...skipped <pbin.v2/libs/stacktrace/build/gcc-11/release/threading-multi/visibility-hidden>WinDbg.output for lack of <pbin.v2/libs/stacktrace/build/gcc-11/release/threading-multi/visibility-hidden>WinDbg_exe...

...skipped 2 targets...
   <pbin.v2/libs/stacktrace/build/gcc-11/release/threading-multi/visibility-hidden>WinDbg.output
   <pbin.v2/libs/stacktrace/build/gcc-11/release/threading-multi/visibility-hidden>WinDbg_exe

...failed updating 1 target...
   gcc.compile.c++ bin.v2/libs/stacktrace/build/gcc-11/release/threading-multi/visibility-hidden/has_windbg.o
...found 4 targets...
...updating 3 targets...
gcc.compile.c++ bin.v2/libs/stacktrace/build/gcc-11/release/threading-multi/visibility-hidden/has_windbg_cached.o
libs/stacktrace/build/has_windbg_cached.cpp:11:10: fatal error: windows.h: No such file or directory
   11 | #include <windows.h>
      |          ^~~~~~~~~~~
compilation terminated.

    "g++"   -fvisibility-inlines-hidden -fPIC -m64 -pthread -O3 -finline-functions -Wno-inline -Wall -fvisibility=hidden  -DBOOST_ALL_NO_LIB=1 -DBOOST_COBALT_USE_STD_PMR=1 -DNDEBUG   -I"."  -c -o "bin.v2/libs/stacktrace/build/gcc-11/release/threading-multi/visibility-hidden/has_windbg_cached.o" "libs/stacktrace/build/has_windbg_cached.cpp"

...failed gcc.compile.c++ bin.v2/libs/stacktrace/build/gcc-11/release/threading-multi/visibility-hidden/has_windbg_cached.o...
...skipped <pbin.v2/libs/stacktrace/build/gcc-11/release/threading-multi/visibility-hidden>WinDbgCached_exe for lack of <pbin.v2/libs/stacktrace/build/gcc-11/release/threading-multi/visibility-hidden>has_windbg_cached.o...
...skipped <pbin.v2/libs/stacktrace/build/gcc-11/release/threading-multi/visibility-hidden>WinDbgCached.output for lack of <pbin.v2/libs/stacktrace/build/gcc-11/release/threading-multi/visibility-hidden>WinDbgCached_exe...

...skipped 2 targets...
   <pbin.v2/libs/stacktrace/build/gcc-11/release/threading-multi/visibility-hidden>WinDbgCached.output
   <pbin.v2/libs/stacktrace/build/gcc-11/release/threading-multi/visibility-hidden>WinDbgCached_exe

...failed updating 1 target...
   gcc.compile.c++ bin.v2/libs/stacktrace/build/gcc-11/release/threading-multi/visibility-hidden/has_windbg_cached.o
...found 167 targets...
...updating 7 targets...
gcc.compile.c++ bin.v2/check/predef/gcc-11/release/threading-multi/visibility-hidden/predef_check_cc_09a06289f4560e2f553bb0cbbec71436.o

...updated 7 targets...
...found 4 targets...
...updating 4 targets...
gcc.compile.c++ bin.v2/check/predef/gcc-11/release/link-static/threading-multi/visibility-hidden/predef_check_cc_09a06289f4560e2f553bb0cbbec71436.o

...updated 4 targets...
...found 1 target...
...updating 1 target...
gcc.compile.c++ bin.v2/libs/config/checks/gcc-11/release/threading-multi/visibility-hidden/cxx11_hdr_thread.o

...updated 1 target...
...found 1 target...
...updating 1 target...
gcc.compile.c++ bin.v2/libs/config/checks/gcc-11/release/threading-multi/visibility-hidden/cxx11_hdr_regex.o

...updated 1 target...
...found 4 targets...
...updating 4 targets...
gcc.compile.c++ bin.v2/libs/atomic/config/gcc-11/release/link-static/threading-multi/visibility-hidden/has_sse2.o

...updated 4 targets...
...found 1 target...
...updating 1 target...
gcc.compile.c++ bin.v2/libs/atomic/config/gcc-11/release/link-static/threading-multi/visibility-hidden/has_sse41.o

...updated 1 target...
...found 1 target...
...updating 1 target...
gcc.compile.c++ bin.v2/libs/config/checks/gcc-11/release/link-static/threading-multi/visibility-hidden/cxx11_static_assert.o

...updated 1 target...
...found 1 target...
...updating 1 target...
gcc.compile.c++ bin.v2/libs/config/checks/gcc-11/release/link-static/threading-multi/visibility-hidden/cxx11_variadic_templates.o

...updated 1 target...
...found 1 target...
...updating 1 target...
gcc.compile.c++ bin.v2/libs/config/checks/gcc-11/release/link-static/threading-multi/visibility-hidden/cxx11_decltype.o

...updated 1 target...
...found 5 targets...
...updating 5 targets...
gcc.compile.c++ bin.v2/libs/charconv/config/gcc-11/release/link-static/threading-multi/visibility-hidden/has_float128.o
gcc.link bin.v2/libs/charconv/config/gcc-11/release/link-static/threading-multi/visibility-hidden/has_float128

...updated 5 targets...
...found 1 target...
...updating 1 target...
gcc.compile.c++ bin.v2/libs/config/checks/gcc-11/release/link-static/threading-multi/visibility-hidden/cxx11_hdr_ratio.o

...updated 1 target...
...found 1 target...
...updating 1 target...
gcc.compile.c++ bin.v2/libs/config/checks/gcc-11/release/link-static/threading-multi/visibility-hidden/cxx11_template_aliases.o

...updated 1 target...
...found 1 target...
...updating 1 target...
gcc.compile.c++ bin.v2/libs/config/checks/gcc-11/release/link-static/threading-multi/visibility-hidden/cxx11_char16_t.o

...updated 1 target...
...found 1 target...
...updating 1 target...
gcc.compile.c++ bin.v2/libs/config/checks/gcc-11/release/link-static/threading-multi/visibility-hidden/cxx11_char32_t.o

...updated 1 target...
...found 1 target...
...updating 1 target...
gcc.compile.c++ bin.v2/libs/config/checks/gcc-11/release/link-static/threading-multi/visibility-hidden/cxx20_hdr_concepts.o
libs/config/checks/test_case.cpp:656:7: error: #error "Defect macro BOOST_NO_CXX20_HDR_CONCEPTS is defined."
  656 | #     error "Defect macro BOOST_NO_CXX20_HDR_CONCEPTS is defined."
      |       ^~~~~

    "g++"   -fvisibility-inlines-hidden -m64 -pthread -O3 -finline-functions -Wno-inline -Wall -fvisibility=hidden  -DBOOST_ALL_NO_LIB=1 -DBOOST_COBALT_USE_STD_PMR=1 -DNDEBUG -DTEST_BOOST_NO_CXX20_HDR_CONCEPTS   -I"."  -c -o "bin.v2/libs/config/checks/gcc-11/release/link-static/threading-multi/visibility-hidden/cxx20_hdr_concepts.o" "libs/config/checks/test_case.cpp"

...failed gcc.compile.c++ bin.v2/libs/config/checks/gcc-11/release/link-static/threading-multi/visibility-hidden/cxx20_hdr_concepts.o...

...failed updating 1 target...
   gcc.compile.c++ bin.v2/libs/config/checks/gcc-11/release/link-static/threading-multi/visibility-hidden/cxx20_hdr_concepts.o
...found 4 targets...
...updating 4 targets...
gcc.compile.c++ bin.v2/libs/filesystem/config/gcc-11/release/link-static/threading-multi/visibility-hidden/has_cxx20_atomic_ref.o
libs/filesystem/config/has_cxx20_atomic_ref.cpp: In function ‘int main()’:
libs/filesystem/config/has_cxx20_atomic_ref.cpp:15:10: error: ‘atomic_ref’ is not a member of ‘std’
   15 |     std::atomic_ref< func_t* > ref(func);
      |          ^~~~~~~~~~
libs/filesystem/config/has_cxx20_atomic_ref.cpp:15:10: note: ‘std::atomic_ref’ is only available from C++20 onwards
libs/filesystem/config/has_cxx20_atomic_ref.cpp:15:28: error: expected primary-expression before ‘*’ token
   15 |     std::atomic_ref< func_t* > ref(func);
      |                            ^
libs/filesystem/config/has_cxx20_atomic_ref.cpp:15:30: error: expected primary-expression before ‘>’ token
   15 |     std::atomic_ref< func_t* > ref(func);
      |                              ^
libs/filesystem/config/has_cxx20_atomic_ref.cpp:15:32: error: ‘ref’ was not declared in this scope
   15 |     std::atomic_ref< func_t* > ref(func);
      |                                ^~~

    "g++"   -fvisibility-inlines-hidden -m64 -pthread -O3 -finline-functions -Wno-inline -Wall -fvisibility=hidden  -DBOOST_ALL_NO_LIB=1 -DBOOST_COBALT_USE_STD_PMR=1 -DNDEBUG   -I"." -I"libs/filesystem/src"  -c -o "bin.v2/libs/filesystem/config/gcc-11/release/link-static/threading-multi/visibility-hidden/has_cxx20_atomic_ref.o" "libs/filesystem/config/has_cxx20_atomic_ref.cpp"

...failed gcc.compile.c++ bin.v2/libs/filesystem/config/gcc-11/release/link-static/threading-multi/visibility-hidden/has_cxx20_atomic_ref.o...

...updated 3 targets...

...failed updating 1 target...
   gcc.compile.c++ bin.v2/libs/filesystem/config/gcc-11/release/link-static/threading-multi/visibility-hidden/has_cxx20_atomic_ref.o
...found 1 target...
...updating 1 target...
gcc.compile.c++ bin.v2/libs/filesystem/config/gcc-11/release/link-static/threading-multi/visibility-hidden/has_statx.o
libs/filesystem/config/has_statx.cpp: In function ‘int main()’:
libs/filesystem/config/has_statx.cpp:18:9: warning: unused variable ‘res’ [-Wunused-variable]
   18 |     int res = statx(AT_FDCWD, ".", AT_SYMLINK_NOFOLLOW | AT_NO_AUTOMOUNT, STATX_BTIME, &st);
      |         ^~~

...updated 1 target...
...found 1 target...
...updating 1 target...
gcc.compile.c++ bin.v2/libs/config/checks/gcc-11/release/link-static/threading-multi/visibility-hidden/cxx11_scoped_enums.o

...updated 1 target...
...found 1 target...
...updating 1 target...
gcc.compile.c++ bin.v2/libs/config/checks/gcc-11/release/link-static/threading-multi/visibility-hidden/cxx11_noexcept.o

...updated 1 target...
...found 1 target...
...updating 1 target...
gcc.compile.c++ bin.v2/libs/config/checks/gcc-11/release/link-static/threading-multi/visibility-hidden/cxx11_nullptr.o

...updated 1 target...
...found 1 target...
...updating 1 target...
gcc.compile.c++ bin.v2/libs/config/checks/gcc-11/release/link-static/threading-multi/visibility-hidden/cxx11_defaulted_functions.o

...updated 1 target...
...found 1 target...
...updating 1 target...
gcc.compile.c++ bin.v2/libs/config/checks/gcc-11/release/link-static/threading-multi/visibility-hidden/cxx11_defaulted_moves.o

...updated 1 target...
...found 1 target...
...updating 1 target...
gcc.compile.c++ bin.v2/libs/config/checks/gcc-11/release/link-static/threading-multi/visibility-hidden/cxx11_deleted_functions.o

...updated 1 target...
...found 1 target...
...updating 1 target...
gcc.compile.c++ bin.v2/libs/config/checks/gcc-11/release/link-static/threading-multi/visibility-hidden/cxx11_function_template_default_args.o

...updated 1 target...
...found 1 target...
...updating 1 target...
gcc.compile.c++ bin.v2/libs/config/checks/gcc-11/release/link-static/threading-multi/visibility-hidden/cxx11_final.o

...updated 1 target...
...found 1 target...
...updating 1 target...
gcc.compile.c++ bin.v2/libs/config/checks/gcc-11/release/link-static/threading-multi/visibility-hidden/cxx11_override.o

...updated 1 target...
...found 1 target...
...updating 1 target...
gcc.compile.c++ bin.v2/libs/filesystem/config/gcc-11/release/link-static/threading-multi/visibility-hidden/has_attribute_init_priority.o

...updated 1 target...
...found 1 target...
...updating 1 target...
gcc.compile.c++ bin.v2/libs/filesystem/config/gcc-11/release/link-static/threading-multi/visibility-hidden/has_stat_st_mtim.o
libs/filesystem/config/has_stat_st_mtim.cpp: In function ‘int main()’:
libs/filesystem/config/has_stat_st_mtim.cpp:16:17: warning: variable ‘st’ set but not used [-Wunused-but-set-variable]
   16 |     struct stat st;
      |                 ^~

...updated 1 target...
...found 1 target...
...updating 1 target...
gcc.compile.c++ bin.v2/libs/filesystem/config/gcc-11/release/link-static/threading-multi/visibility-hidden/has_stat_st_mtimensec.o
libs/filesystem/config/has_stat_st_mtimensec.cpp: In function ‘int main()’:
libs/filesystem/config/has_stat_st_mtimensec.cpp:17:8: error: ‘struct stat’ has no member named ‘st_mtimensec’
   17 |     st.st_mtimensec = 10;
      |        ^~~~~~~~~~~~

    "g++"   -fvisibility-inlines-hidden -m64 -pthread -O3 -finline-functions -Wno-inline -Wall -fvisibility=hidden  -DBOOST_ALL_NO_LIB=1 -DBOOST_COBALT_USE_STD_PMR=1 -DNDEBUG   -I"." -I"libs/filesystem/src"  -c -o "bin.v2/libs/filesystem/config/gcc-11/release/link-static/threading-multi/visibility-hidden/has_stat_st_mtimensec.o" "libs/filesystem/config/has_stat_st_mtimensec.cpp"

...failed gcc.compile.c++ bin.v2/libs/filesystem/config/gcc-11/release/link-static/threading-multi/visibility-hidden/has_stat_st_mtimensec.o...

...failed updating 1 target...
   gcc.compile.c++ bin.v2/libs/filesystem/config/gcc-11/release/link-static/threading-multi/visibility-hidden/has_stat_st_mtimensec.o
...found 1 target...
...updating 1 target...
gcc.compile.c++ bin.v2/libs/filesystem/config/gcc-11/release/link-static/threading-multi/visibility-hidden/has_stat_st_mtimespec.o
libs/filesystem/config/has_stat_st_mtimespec.cpp: In function ‘int main()’:
libs/filesystem/config/has_stat_st_mtimespec.cpp:17:8: error: ‘struct stat’ has no member named ‘st_mtimespec’
   17 |     st.st_mtimespec.tv_nsec = 10;
      |        ^~~~~~~~~~~~

    "g++"   -fvisibility-inlines-hidden -m64 -pthread -O3 -finline-functions -Wno-inline -Wall -fvisibility=hidden  -DBOOST_ALL_NO_LIB=1 -DBOOST_COBALT_USE_STD_PMR=1 -DNDEBUG   -I"." -I"libs/filesystem/src"  -c -o "bin.v2/libs/filesystem/config/gcc-11/release/link-static/threading-multi/visibility-hidden/has_stat_st_mtimespec.o" "libs/filesystem/config/has_stat_st_mtimespec.cpp"

...failed gcc.compile.c++ bin.v2/libs/filesystem/config/gcc-11/release/link-static/threading-multi/visibility-hidden/has_stat_st_mtimespec.o...

...failed updating 1 target...
   gcc.compile.c++ bin.v2/libs/filesystem/config/gcc-11/release/link-static/threading-multi/visibility-hidden/has_stat_st_mtimespec.o
...found 1 target...
...updating 1 target...
gcc.compile.c++ bin.v2/libs/filesystem/config/gcc-11/release/link-static/threading-multi/visibility-hidden/has_stat_st_birthtim.o
libs/filesystem/config/has_stat_st_birthtim.cpp: In function ‘int main()’:
libs/filesystem/config/has_stat_st_birthtim.cpp:17:8: error: ‘struct stat’ has no member named ‘st_birthtim’
   17 |     st.st_birthtim.tv_sec = 1;
      |        ^~~~~~~~~~~
libs/filesystem/config/has_stat_st_birthtim.cpp:18:8: error: ‘struct stat’ has no member named ‘st_birthtim’
   18 |     st.st_birthtim.tv_nsec = 10;
      |        ^~~~~~~~~~~

    "g++"   -fvisibility-inlines-hidden -m64 -pthread -O3 -finline-functions -Wno-inline -Wall -fvisibility=hidden  -DBOOST_ALL_NO_LIB=1 -DBOOST_COBALT_USE_STD_PMR=1 -DNDEBUG   -I"." -I"libs/filesystem/src"  -c -o "bin.v2/libs/filesystem/config/gcc-11/release/link-static/threading-multi/visibility-hidden/has_stat_st_birthtim.o" "libs/filesystem/config/has_stat_st_birthtim.cpp"

...failed gcc.compile.c++ bin.v2/libs/filesystem/config/gcc-11/release/link-static/threading-multi/visibility-hidden/has_stat_st_birthtim.o...

...failed updating 1 target...
   gcc.compile.c++ bin.v2/libs/filesystem/config/gcc-11/release/link-static/threading-multi/visibility-hidden/has_stat_st_birthtim.o
...found 1 target...
...updating 1 target...
gcc.compile.c++ bin.v2/libs/filesystem/config/gcc-11/release/link-static/threading-multi/visibility-hidden/has_stat_st_birthtimensec.o
libs/filesystem/config/has_stat_st_birthtimensec.cpp: In function ‘int main()’:
libs/filesystem/config/has_stat_st_birthtimensec.cpp:17:8: error: ‘struct stat’ has no member named ‘st_birthtime’
   17 |     st.st_birthtime = 1;
      |        ^~~~~~~~~~~~
libs/filesystem/config/has_stat_st_birthtimensec.cpp:18:8: error: ‘struct stat’ has no member named ‘st_birthtimensec’
   18 |     st.st_birthtimensec = 10;
      |        ^~~~~~~~~~~~~~~~

    "g++"   -fvisibility-inlines-hidden -m64 -pthread -O3 -finline-functions -Wno-inline -Wall -fvisibility=hidden  -DBOOST_ALL_NO_LIB=1 -DBOOST_COBALT_USE_STD_PMR=1 -DNDEBUG   -I"." -I"libs/filesystem/src"  -c -o "bin.v2/libs/filesystem/config/gcc-11/release/link-static/threading-multi/visibility-hidden/has_stat_st_birthtimensec.o" "libs/filesystem/config/has_stat_st_birthtimensec.cpp"

...failed gcc.compile.c++ bin.v2/libs/filesystem/config/gcc-11/release/link-static/threading-multi/visibility-hidden/has_stat_st_birthtimensec.o...

...failed updating 1 target...
   gcc.compile.c++ bin.v2/libs/filesystem/config/gcc-11/release/link-static/threading-multi/visibility-hidden/has_stat_st_birthtimensec.o
...found 1 target...
...updating 1 target...
gcc.compile.c++ bin.v2/libs/filesystem/config/gcc-11/release/link-static/threading-multi/visibility-hidden/has_stat_st_birthtimespec.o
libs/filesystem/config/has_stat_st_birthtimespec.cpp: In function ‘int main()’:
libs/filesystem/config/has_stat_st_birthtimespec.cpp:17:8: error: ‘struct stat’ has no member named ‘st_birthtimespec’
   17 |     st.st_birthtimespec.tv_sec = 1;
      |        ^~~~~~~~~~~~~~~~
libs/filesystem/config/has_stat_st_birthtimespec.cpp:18:8: error: ‘struct stat’ has no member named ‘st_birthtimespec’
   18 |     st.st_birthtimespec.tv_nsec = 10;
      |        ^~~~~~~~~~~~~~~~

    "g++"   -fvisibility-inlines-hidden -m64 -pthread -O3 -finline-functions -Wno-inline -Wall -fvisibility=hidden  -DBOOST_ALL_NO_LIB=1 -DBOOST_COBALT_USE_STD_PMR=1 -DNDEBUG   -I"." -I"libs/filesystem/src"  -c -o "bin.v2/libs/filesystem/config/gcc-11/release/link-static/threading-multi/visibility-hidden/has_stat_st_birthtimespec.o" "libs/filesystem/config/has_stat_st_birthtimespec.cpp"

...failed gcc.compile.c++ bin.v2/libs/filesystem/config/gcc-11/release/link-static/threading-multi/visibility-hidden/has_stat_st_birthtimespec.o...

...failed updating 1 target...
   gcc.compile.c++ bin.v2/libs/filesystem/config/gcc-11/release/link-static/threading-multi/visibility-hidden/has_stat_st_birthtimespec.o
...found 1 target...
...updating 1 target...
gcc.compile.c++ bin.v2/libs/filesystem/config/gcc-11/release/link-static/threading-multi/visibility-hidden/has_fdopendir_nofollow.o

...updated 1 target...
...found 1 target...
...updating 1 target...
gcc.compile.c++ bin.v2/libs/filesystem/config/gcc-11/release/link-static/threading-multi/visibility-hidden/has_dirent_d_type.o

...updated 1 target...
...found 1 target...
...updating 1 target...
gcc.compile.c++ bin.v2/libs/filesystem/config/gcc-11/release/link-static/threading-multi/visibility-hidden/has_posix_at_apis.o

...updated 1 target...
...found 1 target...
...updating 1 target...
gcc.compile.c++ bin.v2/libs/filesystem/config/gcc-11/release/link-static/threading-multi/visibility-hidden/has_fallocate.o

...updated 1 target...
...found 1 target...
...updating 1 target...
gcc.compile.c++ bin.v2/libs/config/checks/gcc-11/release/link-static/threading-multi/visibility-hidden/cxx11_auto_declarations.o

...updated 1 target...
...found 1 target...
...updating 1 target...
gcc.compile.c++ bin.v2/libs/config/checks/gcc-11/release/link-static/threading-multi/visibility-hidden/cxx11_constexpr.o

...updated 1 target...
...found 1 target...
...updating 1 target...
gcc.compile.c++ bin.v2/libs/config/checks/gcc-11/release/link-static/threading-multi/visibility-hidden/cxx11_hdr_mutex.o

...updated 1 target...
...found 1 target...
...updating 1 target...
gcc.compile.c++ bin.v2/libs/config/checks/gcc-11/release/link-static/threading-multi/visibility-hidden/cxx11_hdr_tuple.o

...updated 1 target...
...found 1 target...
...updating 1 target...
gcc.compile.c++ bin.v2/libs/config/checks/gcc-11/release/link-static/threading-multi/visibility-hidden/cxx11_lambdas.o

...updated 1 target...
...found 1 target...
...updating 1 target...
gcc.compile.c++ bin.v2/libs/config/checks/gcc-11/release/link-static/threading-multi/visibility-hidden/cxx11_thread_local.o

...updated 1 target...
...found 5 targets...
...updating 5 targets...
gcc.compile.c++ bin.v2/libs/regex/build/gcc-11/release/link-static/threading-multi/visibility-hidden/has_icu_test.o
gcc.link bin.v2/libs/regex/build/gcc-11/release/link-static/threading-multi/visibility-hidden/has_icu

...updated 5 targets...
...found 1 target...
...updating 1 target...
gcc.compile.c++ bin.v2/standalone/ac/gcc-11/release/link-static/threading-multi/visibility-hidden/zlib_h.o

...updated 1 target...
...found 2 targets...
...updating 2 targets...
gcc.compile.c++ bin.v2/standalone/ac/gcc-11/release/link-static/threading-multi/visibility-hidden/main-z.o
gcc.link bin.v2/standalone/ac/gcc-11/release/link-static/threading-multi/visibility-hidden/z

...updated 2 targets...
...found 1 target...
...updating 1 target...
gcc.compile.c++ bin.v2/standalone/ac/gcc-11/release/link-static/threading-multi/visibility-hidden/bzlib_h.o

...updated 1 target...
...found 2 targets...
...updating 2 targets...
gcc.compile.c++ bin.v2/standalone/ac/gcc-11/release/link-static/threading-multi/visibility-hidden/main-bz2.o
gcc.link bin.v2/standalone/ac/gcc-11/release/link-static/threading-multi/visibility-hidden/bz2

...updated 2 targets...
...found 1 target...
...updating 1 target...
gcc.compile.c++ bin.v2/standalone/ac/gcc-11/release/link-static/threading-multi/visibility-hidden/lzma_h.o
bin.v2/standalone/ac/lzma_h.cpp:1:10: fatal error: lzma.h: No such file or directory
    1 | #include <lzma.h>
      |          ^~~~~~~~
compilation terminated.

    "g++"   -fvisibility-inlines-hidden -m64 -pthread -O3 -finline-functions -Wno-inline -Wall -fvisibility=hidden  -DBOOST_COBALT_USE_STD_PMR=1 -DNDEBUG     -c -o "bin.v2/standalone/ac/gcc-11/release/link-static/threading-multi/visibility-hidden/lzma_h.o" "bin.v2/standalone/ac/lzma_h.cpp"

...failed gcc.compile.c++ bin.v2/standalone/ac/gcc-11/release/link-static/threading-multi/visibility-hidden/lzma_h.o...

...failed updating 1 target...
   gcc.compile.c++ bin.v2/standalone/ac/gcc-11/release/link-static/threading-multi/visibility-hidden/lzma_h.o
...found 1 target...
...updating 1 target...
gcc.compile.c++ bin.v2/standalone/ac/gcc-11/release/link-static/threading-multi/visibility-hidden/zstd_h.o
bin.v2/standalone/ac/zstd_h.cpp:1:10: fatal error: zstd.h: No such file or directory
    1 | #include <zstd.h>
      |          ^~~~~~~~
compilation terminated.

    "g++"   -fvisibility-inlines-hidden -m64 -pthread -O3 -finline-functions -Wno-inline -Wall -fvisibility=hidden  -DBOOST_COBALT_USE_STD_PMR=1 -DNDEBUG     -c -o "bin.v2/standalone/ac/gcc-11/release/link-static/threading-multi/visibility-hidden/zstd_h.o" "bin.v2/standalone/ac/zstd_h.cpp"

...failed gcc.compile.c++ bin.v2/standalone/ac/gcc-11/release/link-static/threading-multi/visibility-hidden/zstd_h.o...

...failed updating 1 target...
   gcc.compile.c++ bin.v2/standalone/ac/gcc-11/release/link-static/threading-multi/visibility-hidden/zstd_h.o
...found 5 targets...
...updating 5 targets...
gcc.compile.c++ bin.v2/libs/iostreams/build/gcc-11/release/link-static/threading-multi/visibility-hidden/has_lzma_cputhreads.o
libs/iostreams/src/../build/has_lzma_cputhreads.cpp:5:10: fatal error: lzma.h: No such file or directory
    5 | #include <lzma.h>
      |          ^~~~~~~~
compilation terminated.

    "g++"   -fvisibility-inlines-hidden -m64 -pthread -O3 -finline-functions -Wno-inline -Wall -fvisibility=hidden  -DBOOST_ALL_NO_LIB=1 -DBOOST_COBALT_USE_STD_PMR=1 -DNDEBUG   -I"."  -c -o "bin.v2/libs/iostreams/build/gcc-11/release/link-static/threading-multi/visibility-hidden/has_lzma_cputhreads.o" "libs/iostreams/src/../build/has_lzma_cputhreads.cpp"

...failed gcc.compile.c++ bin.v2/libs/iostreams/build/gcc-11/release/link-static/threading-multi/visibility-hidden/has_lzma_cputhreads.o...
...skipped <pbin.v2/libs/iostreams/build/gcc-11/release/link-static/threading-multi/visibility-hidden>has_lzma_cputhreads for lack of <pbin.v2/libs/iostreams/build/gcc-11/release/link-static/threading-multi/visibility-hidden>has_lzma_cputhreads.o...

...updated 3 targets...

...skipped 1 target...
   <pbin.v2/libs/iostreams/build/gcc-11/release/link-static/threading-multi/visibility-hidden>has_lzma_cputhreads

...failed updating 1 target...
   gcc.compile.c++ bin.v2/libs/iostreams/build/gcc-11/release/link-static/threading-multi/visibility-hidden/has_lzma_cputhreads.o
...found 4 targets...
...updating 4 targets...
gcc.compile.c++ bin.v2/libs/json/build/gcc-11/release/link-static/threading-multi/visibility-hidden/cxx11_basic_alignas.o

...updated 4 targets...
...found 5 targets...
...updating 5 targets...
gcc.compile.c++ bin.v2/libs/locale/build/gcc-11/release/link-static/threading-multi/visibility-hidden/has_icu_test.o
/home/ubuntu/openmind/boost_1_85_0/libs/locale/build/has_icu_test.cpp: In function ‘int main()’:
/home/ubuntu/openmind/boost_1_85_0/libs/locale/build/has_icu_test.cpp:16:13: warning: unused variable ‘c’ [-Wunused-variable]
   16 |     UChar32 c = ::u_charFromName(U_UNICODE_CHAR_NAME, "GREEK SMALL LETTER ALPHA", &err);
      |             ^
gcc.link bin.v2/libs/locale/build/gcc-11/release/link-static/threading-multi/visibility-hidden/has_icu

...updated 5 targets...
...found 2 targets...
...updating 2 targets...
gcc.compile.c++ bin.v2/libs/locale/build/gcc-11/release/link-static/threading-multi/visibility-hidden/has_external_iconv_with_icu_obj.o
gcc.link bin.v2/libs/locale/build/gcc-11/release/link-static/threading-multi/visibility-hidden/has_iconv_with_icu

...updated 2 targets...
...found 1 target...
...updating 1 target...
gcc.compile.c++ bin.v2/libs/config/checks/gcc-11/release/link-static/threading-multi/visibility-hidden/cxx11_hdr_functional.o

...updated 1 target...
...found 1 target...
...updating 1 target...
gcc.compile.c++ bin.v2/libs/config/checks/gcc-11/release/link-static/threading-multi/visibility-hidden/cxx11_hdr_type_traits.o

...updated 1 target...
...found 1 target...
...updating 1 target...
gcc.compile.c++ bin.v2/libs/config/checks/gcc-11/release/link-static/threading-multi/visibility-hidden/cxx11_range_based_for.o

...updated 1 target...
...found 1 target...
...updating 1 target...
gcc.compile.c++ bin.v2/libs/config/checks/gcc-11/release/link-static/threading-multi/visibility-hidden/cxx11_smart_ptr.o

...updated 1 target...
...found 5 targets...
...updating 5 targets...
gcc.compile.c++ bin.v2/libs/thread/build/gcc-11/release/link-static/threading-multi/visibility-hidden/has_atomic_flag_lockfree_test.o
gcc.link bin.v2/libs/thread/build/gcc-11/release/link-static/threading-multi/visibility-hidden/has_atomic_flag_lockfree

...updated 5 targets...
...found 5 targets...
...updating 5 targets...
gcc.compile.c++ bin.v2/libs/log/config/atomic-int32/gcc-11/release/link-static/pch-off/threading-multi/visibility-hidden/atomic_int32.o

...updated 5 targets...
...found 5 targets...
...updating 5 targets...
gcc.compile.c++ bin.v2/libs/log/config/native-syslog/gcc-11/release/link-static/pch-off/threading-multi/visibility-hidden/native_syslog.o

...updated 5 targets...
...found 5 targets...
...updating 5 targets...
gcc.compile.c++ bin.v2/libs/log/config/pthread-mutex-robust/gcc-11/release/link-static/pch-off/threading-multi/visibility-hidden/pthread_mutex_robust.o

...updated 5 targets...
...found 5 targets...
...updating 5 targets...
gcc.compile.c++ bin.v2/libs/log/config/regex-header-only/gcc-11/release/link-static/pch-off/threading-multi/visibility-hidden/regex_header_only.o

...updated 5 targets...
...found 5 targets...
...updating 5 targets...
gcc.compile.c++ bin.v2/libs/log/config/x86-ext/gcc-11/release/link-static/pch-off/threading-multi/visibility-hidden/ssse3.o
libs/log/config/x86-ext/ssse3.cpp: In function ‘int main(int, char**)’:
libs/log/config/x86-ext/ssse3.cpp:14:10: warning: ignoring return value of ‘size_t fread(void*, size_t, size_t, FILE*)’ declared with attribute ‘warn_unused_result’ [-Wunused-result]
   14 |     fread(&mm, 1u, sizeof(mm), stdin);
      |     ~~~~~^~~~~~~~~~~~~~~~~~~~~~~~~~~~

...updated 5 targets...
...found 1 target...
...updating 1 target...
gcc.compile.c++ bin.v2/libs/log/config/x86-ext/gcc-11/release/link-static/pch-off/threading-multi/visibility-hidden/avx2.o
libs/log/config/x86-ext/avx2.cpp: In function ‘int main(int, char**)’:
libs/log/config/x86-ext/avx2.cpp:14:10: warning: ignoring return value of ‘size_t fread(void*, size_t, size_t, FILE*)’ declared with attribute ‘warn_unused_result’ [-Wunused-result]
   14 |     fread(&mm, 1u, sizeof(mm), stdin);
      |     ~~~~~^~~~~~~~~~~~~~~~~~~~~~~~~~~~

...updated 1 target...
...found 4 targets...
...updating 4 targets...
gcc.compile.c++ bin.v2/libs/math/config/gcc-11/release/link-static/threading-multi/visibility-hidden/has_gcc_visibility.o

...updated 4 targets...
...found 1 target...
...updating 1 target...
gcc.compile.c++ bin.v2/libs/config/checks/gcc-11/release/link-static/threading-multi/visibility-hidden/sfinae_expr.o

...updated 1 target...
...found 1 target...
...updating 1 target...
gcc.compile.c++ bin.v2/libs/config/checks/gcc-11/release/link-static/threading-multi/visibility-hidden/cxx11_unified_initialization_syntax.o

...updated 1 target...
...found 1 target...
...updating 1 target...
gcc.compile.c++ bin.v2/libs/config/checks/gcc-11/release/link-static/threading-multi/visibility-hidden/cxx11_hdr_initializer_list.o

...updated 1 target...
...found 1 target...
...updating 1 target...
gcc.compile.c++ bin.v2/libs/config/checks/gcc-11/release/link-static/threading-multi/visibility-hidden/cxx11_hdr_chrono.o

...updated 1 target...
...found 1 target...
...updating 1 target...
gcc.compile.c++ bin.v2/libs/config/checks/gcc-11/release/link-static/threading-multi/visibility-hidden/cxx11_numeric_limits.o

...updated 1 target...
...found 1 target...
...updating 1 target...
gcc.compile.c++ bin.v2/libs/config/checks/gcc-11/release/link-static/threading-multi/visibility-hidden/cxx11_hdr_array.o

...updated 1 target...
...found 1 target...
...updating 1 target...
gcc.compile.c++ bin.v2/libs/config/checks/gcc-11/release/link-static/threading-multi/visibility-hidden/cxx11_hdr_atomic.o

...updated 1 target...
...found 1 target...
...updating 1 target...
gcc.compile.c++ bin.v2/libs/config/checks/gcc-11/release/link-static/threading-multi/visibility-hidden/cxx11_allocator.o

...updated 1 target...
...found 1 target...
...updating 1 target...
gcc.compile.c++ bin.v2/libs/config/checks/gcc-11/release/link-static/threading-multi/visibility-hidden/cxx11_explicit_conversion_operators.o

...updated 1 target...
...found 1 target...
...updating 1 target...
gcc.compile.c++ bin.v2/libs/config/checks/gcc-11/release/link-static/threading-multi/visibility-hidden/cxx14_decltype_auto.o

...updated 1 target...
...found 1 target...
...updating 1 target...
gcc.compile.c++ bin.v2/libs/config/checks/gcc-11/release/link-static/threading-multi/visibility-hidden/cxx14_generic_lambdas.o

...updated 1 target...
...found 1 target...
...updating 1 target...
gcc.compile.c++ bin.v2/libs/config/checks/gcc-11/release/link-static/threading-multi/visibility-hidden/cxx14_return_type_deduction.o

...updated 1 target...
...found 1 target...
...updating 1 target...
gcc.compile.c++ bin.v2/libs/config/checks/gcc-11/release/link-static/threading-multi/visibility-hidden/cxx14_variable_templates.o

...updated 1 target...
...found 1 target...
...updating 1 target...
gcc.compile.c++ bin.v2/libs/math/config/gcc-11/release/link-static/threading-multi/visibility-hidden/has_long_double_support.o

...updated 1 target...
...found 5 targets...
...updating 5 targets...
gcc.compile.c++ bin.v2/libs/nowide/config/gcc-11/release/link-static/threading-multi/visibility-hidden/check_lfs_support.o
gcc.link bin.v2/libs/nowide/config/gcc-11/release/link-static/threading-multi/visibility-hidden/lfs_support

...updated 5 targets...
...found 1 target...
...updating 1 target...
gcc.compile.c++ bin.v2/libs/nowide/config/gcc-11/release/link-static/threading-multi/visibility-hidden/attribute_init_priority.o

...updated 1 target...
...found 1 target...
...updating 1 target...
gcc.compile.c++ bin.v2/libs/config/checks/gcc-11/release/link-static/threading-multi/visibility-hidden/std_wstreambuf.o

...updated 1 target...
...found 6 targets...
...updating 6 targets...
gcc.compile.c++ bin.v2/libs/stacktrace/build/gcc-11/release/link-static/threading-multi/visibility-hidden/has_backtrace.o
gcc.link bin.v2/libs/stacktrace/build/gcc-11/release/link-static/threading-multi/visibility-hidden/libbacktrace_exe
Jamfile</home/ubuntu/openmind/boost_1_85_0/libs/stacktrace/build>.mp_simple_run_action bin.v2/libs/stacktrace/build/gcc-11/release/link-static/threading-multi/visibility-hidden/libbacktrace.output

...updated 6 targets...
...found 3 targets...
...updating 3 targets...
gcc.compile.c++ bin.v2/libs/stacktrace/build/gcc-11/release/link-static/threading-multi/visibility-hidden/has_addr2line.o
gcc.link bin.v2/libs/stacktrace/build/gcc-11/release/link-static/threading-multi/visibility-hidden/addr2line_exe
Jamfile</home/ubuntu/openmind/boost_1_85_0/libs/stacktrace/build>.mp_simple_run_action bin.v2/libs/stacktrace/build/gcc-11/release/link-static/threading-multi/visibility-hidden/addr2line.output

...updated 3 targets...
...found 3 targets...
...updating 3 targets...
gcc.compile.c++ bin.v2/libs/stacktrace/build/gcc-11/release/link-static/threading-multi/visibility-hidden/has_windbg.o
libs/stacktrace/build/has_windbg.cpp:8:10: fatal error: windows.h: No such file or directory
    8 | #include <windows.h>
      |          ^~~~~~~~~~~
compilation terminated.

    "g++"   -fvisibility-inlines-hidden -m64 -pthread -O3 -finline-functions -Wno-inline -Wall -fvisibility=hidden  -DBOOST_ALL_NO_LIB=1 -DBOOST_COBALT_USE_STD_PMR=1 -DNDEBUG   -I"."  -c -o "bin.v2/libs/stacktrace/build/gcc-11/release/link-static/threading-multi/visibility-hidden/has_windbg.o" "libs/stacktrace/build/has_windbg.cpp"

...failed gcc.compile.c++ bin.v2/libs/stacktrace/build/gcc-11/release/link-static/threading-multi/visibility-hidden/has_windbg.o...
...skipped <pbin.v2/libs/stacktrace/build/gcc-11/release/link-static/threading-multi/visibility-hidden>WinDbg_exe for lack of <pbin.v2/libs/stacktrace/build/gcc-11/release/link-static/threading-multi/visibility-hidden>has_windbg.o...
...skipped <pbin.v2/libs/stacktrace/build/gcc-11/release/link-static/threading-multi/visibility-hidden>WinDbg.output for lack of <pbin.v2/libs/stacktrace/build/gcc-11/release/link-static/threading-multi/visibility-hidden>WinDbg_exe...

...skipped 2 targets...
   <pbin.v2/libs/stacktrace/build/gcc-11/release/link-static/threading-multi/visibility-hidden>WinDbg.output
   <pbin.v2/libs/stacktrace/build/gcc-11/release/link-static/threading-multi/visibility-hidden>WinDbg_exe

...failed updating 1 target...
   gcc.compile.c++ bin.v2/libs/stacktrace/build/gcc-11/release/link-static/threading-multi/visibility-hidden/has_windbg.o
...found 3 targets...
...updating 3 targets...
gcc.compile.c++ bin.v2/libs/stacktrace/build/gcc-11/release/link-static/threading-multi/visibility-hidden/has_windbg_cached.o
libs/stacktrace/build/has_windbg_cached.cpp:11:10: fatal error: windows.h: No such file or directory
   11 | #include <windows.h>
      |          ^~~~~~~~~~~
compilation terminated.

    "g++"   -fvisibility-inlines-hidden -m64 -pthread -O3 -finline-functions -Wno-inline -Wall -fvisibility=hidden  -DBOOST_ALL_NO_LIB=1 -DBOOST_COBALT_USE_STD_PMR=1 -DNDEBUG   -I"."  -c -o "bin.v2/libs/stacktrace/build/gcc-11/release/link-static/threading-multi/visibility-hidden/has_windbg_cached.o" "libs/stacktrace/build/has_windbg_cached.cpp"

...failed gcc.compile.c++ bin.v2/libs/stacktrace/build/gcc-11/release/link-static/threading-multi/visibility-hidden/has_windbg_cached.o...
...skipped <pbin.v2/libs/stacktrace/build/gcc-11/release/link-static/threading-multi/visibility-hidden>WinDbgCached_exe for lack of <pbin.v2/libs/stacktrace/build/gcc-11/release/link-static/threading-multi/visibility-hidden>has_windbg_cached.o...
...skipped <pbin.v2/libs/stacktrace/build/gcc-11/release/link-static/threading-multi/visibility-hidden>WinDbgCached.output for lack of <pbin.v2/libs/stacktrace/build/gcc-11/release/link-static/threading-multi/visibility-hidden>WinDbgCached_exe...

...skipped 2 targets...
   <pbin.v2/libs/stacktrace/build/gcc-11/release/link-static/threading-multi/visibility-hidden>WinDbgCached.output
   <pbin.v2/libs/stacktrace/build/gcc-11/release/link-static/threading-multi/visibility-hidden>WinDbgCached_exe

...failed updating 1 target...
   gcc.compile.c++ bin.v2/libs/stacktrace/build/gcc-11/release/link-static/threading-multi/visibility-hidden/has_windbg_cached.o
...found 1 target...
...updating 1 target...
gcc.compile.c++ bin.v2/libs/config/checks/gcc-11/release/link-static/threading-multi/visibility-hidden/cxx11_hdr_thread.o

...updated 1 target...
...found 1 target...
...updating 1 target...
gcc.compile.c++ bin.v2/libs/config/checks/gcc-11/release/link-static/threading-multi/visibility-hidden/cxx11_hdr_regex.o

...updated 1 target...
...found 1 target...
...updating 1 target...
config-cache.write bin.v2/project-cache.jam

...updated 1 target...
